[2016-09-11 01:24:00.199] [ERROR] mysql - { [Error: ER_PARSE_ERROR: You have an error in your SQL syntax; check the manual that corresponds to your MySQL server version for the right syntax to use near '1' at line 1]
  code: 'ER_PARSE_ERROR',
  errno: 1064,
  sqlState: '42000',
  index: 0 }
Error: ER_PARSE_ERROR: You have an error in your SQL syntax; check the manual that corresponds to your MySQL server version for the right syntax to use near '1' at line 1
    at Query.Sequence._packetToError (C:\Users\darkmatter\Desktop\node_toy\app\node_modules\mysql\lib\protocol\sequences\Sequence.js:51:14)
    at Query.ErrorPacket (C:\Users\darkmatter\Desktop\node_toy\app\node_modules\mysql\lib\protocol\sequences\Query.js:83:18)
    at Protocol._parsePacket (C:\Users\darkmatter\Desktop\node_toy\app\node_modules\mysql\lib\protocol\Protocol.js:280:23)
    at Parser.write (C:\Users\darkmatter\Desktop\node_toy\app\node_modules\mysql\lib\protocol\Parser.js:74:12)
    at Protocol.write (C:\Users\darkmatter\Desktop\node_toy\app\node_modules\mysql\lib\protocol\Protocol.js:39:16)
    at Socket.<anonymous> (C:\Users\darkmatter\Desktop\node_toy\app\node_modules\mysql\lib\Connection.js:109:28)
    at emitOne (events.js:77:13)
    at Socket.emit (events.js:169:7)
    at readableAddChunk (_stream_readable.js:153:18)
    at Socket.Readable.push (_stream_readable.js:111:10)
    at TCP.onread (net.js:531:20)
    --------------------
    at Protocol._enqueue (C:\Users\darkmatter\Desktop\node_toy\app\node_modules\mysql\lib\protocol\Protocol.js:141:48)
    at PoolConnection.query (C:\Users\darkmatter\Desktop\node_toy\app\node_modules\mysql\lib\Connection.js:214:25)
    at C:\Users\darkmatter\Desktop\node_toy\app\startup\startup-mysql.js:17:18
    at Handshake.onConnect (C:\Users\darkmatter\Desktop\node_toy\app\node_modules\mysql\lib\Pool.js:63:7)
    at Handshake.Sequence.end (C:\Users\darkmatter\Desktop\node_toy\app\node_modules\mysql\lib\protocol\sequences\Sequence.js:85:24)
    at Handshake.Sequence.OkPacket (C:\Users\darkmatter\Desktop\node_toy\app\node_modules\mysql\lib\protocol\sequences\Sequence.js:94:8)
    at Protocol._parsePacket (C:\Users\darkmatter\Desktop\node_toy\app\node_modules\mysql\lib\protocol\Protocol.js:280:23)
    at Parser.write (C:\Users\darkmatter\Desktop\node_toy\app\node_modules\mysql\lib\protocol\Parser.js:74:12)
    at Protocol.write (C:\Users\darkmatter\Desktop\node_toy\app\node_modules\mysql\lib\protocol\Protocol.js:39:16)
    at Socket.<anonymous> (C:\Users\darkmatter\Desktop\node_toy\app\node_modules\mysql\lib\Connection.js:109:28)
    at emitOne (events.js:77:13)
    at Socket.emit (events.js:169:7)
    at readableAddChunk (_stream_readable.js:153:18)
    at Socket.Readable.push (_stream_readable.js:111:10)
    at TCP.onread (net.js:531:20)
[2016-09-11 01:33:24.203] [INFO] mysql - mysql-connected
[2016-09-11 01:34:48.291] [INFO] mysql - mysql-connected
[2016-09-11 01:35:20.268] [INFO] mysql - mysql-connected
[2016-09-11 01:35:20.280] [ERROR] mysql - mysql-query-error: Error: ER_PARSE_ERROR: You have an error in your SQL syntax; check the manual that corresponds to your MySQL server version for the right syntax to use near '1' at line 1
